<?xml version="1.0" encoding="utf-8"?><testsuites name="pytest tests"><testsuite name="pytest" errors="0" failures="0" skipped="0" tests="8" time="3.753" timestamp="2026-07-14T15:27:34.959197+00:00" hostname="agent-env-cb1b0599-aa44-4f95-99ed-050c414778b4"><testcase classname="tests.test_fleet_top_risk" name="test_schema_and_engine_version" time="0.614" /><testcase classname="tests.test_fleet_top_risk" name="test_failing_device_ranked_first_critical" time="0.188" /><testcase classname="tests.test_fleet_top_risk" name="test_limit_param" time="0.195" /><testcase classname="tests.test_fleet_top_risk" name="test_min_probability_filter" time="0.172" /><testcase classname="tests.test_fleet_top_risk" name="test_failure_type_filter_ssd" time="0.155" /><testcase classname="tests.test_fleet_top_risk" name="test_failure_type_unknown_returns_error" time="0.009" /><testcase classname="tests.test_fleet_top_risk" name="test_auth_required" time="0.005" /><testcase classname="tests.test_fleet_top_risk" name="test_cross_org_isolation" time="0.945" /></testsuite></testsuites>