<?xml version="1.0" encoding="utf-8"?><testsuites name="pytest tests"><testsuite name="pytest" errors="0" failures="0" skipped="0" tests="13" time="7.470" timestamp="2026-07-16T15:22:31.599701+00:00" hostname="agent-env-b1640a55-c3a8-4e12-bd2c-ef0cac699423"><testcase classname="tests.test_installer_windows_fix.TestDownloadInit" name="test_download_init_returns_token_and_code" time="0.454" /><testcase classname="tests.test_installer_windows_fix.TestDownloadInit" name="test_download_init_requires_technician_role" time="0.000" /><testcase classname="tests.test_installer_windows_fix.TestBundleContents" name="test_bundle_has_exactly_6_entries" time="1.225" /><testcase classname="tests.test_installer_windows_fix.TestInstallCmdSafety" name="test_delayed_expansion_enabled" time="1.676" /><testcase classname="tests.test_installer_windows_fix.TestBundleContents" name="test_pairing_code_matches_across_endpoints" time="1.143" /><testcase classname="tests.test_installer_windows_fix.TestDownloadWithToken" name="test_download_with_token_returns_zip" time="1.198" /><testcase classname="tests.test_installer_windows_fix.TestInstallCmdSafety" name="test_net_session_probe" time="1.149" /><testcase classname="tests.test_installer_windows_fix.TestInstallCmdSafety" name="test_vbscript_uac_elevation" time="1.132" /><testcase classname="tests.test_installer_windows_fix.TestInstallCmdSafety" name="test_service_stop_logic" time="0.564" /><testcase classname="tests.test_installer_windows_fix.TestInstallCmdSafety" name="test_taskkill_stragglers" time="0.565" /><testcase classname="tests.test_installer_windows_fix.TestInstallCmdSafety" name="test_call_not_start" time="0.734" /><testcase classname="tests.test_installer_windows_fix.TestInstallCmdSafety" name="test_errorlevel_capture_and_pause" time="0.655" /><testcase classname="tests.test_installer_windows_fix.TestInstallCmdSafety" name="test_backend_url_variable" time="0.658" /></testsuite></testsuites>