<?xml version="1.0" encoding="utf-8"?><testsuites name="pytest tests"><testsuite name="pytest" errors="0" failures="0" skipped="0" tests="10" time="11.187" timestamp="2026-07-14T14:50:25.299210+00:00" hostname="agent-env-cb1b0599-aa44-4f95-99ed-050c414778b4"><testcase classname="tests.test_predictions.TestSeverityBehaviour" name="test_failing_telemetry_high_severity" time="4.390" /><testcase classname="tests.test_predictions.TestPredictionsSchema" name="test_get_predictions_shape" time="4.334" /><testcase classname="tests.test_predictions.TestPredictionsSchema" name="test_get_single_prediction[ssd]" time="0.124" /><testcase classname="tests.test_predictions.TestPredictionsSchema" name="test_get_single_prediction[fan]" time="0.117" /><testcase classname="tests.test_predictions.TestSeverityBehaviour" name="test_nominal_telemetry_low_severity" time="0.324" /><testcase classname="tests.test_predictions.TestPredictionsSchema" name="test_get_single_prediction[network]" time="0.068" /><testcase classname="tests.test_predictions.TestPredictionsSchema" name="test_unknown_failure_type_400" time="0.053" /><testcase classname="tests.test_predictions.TestAuthAndIsolation" name="test_unauthenticated_forbidden" time="0.024" /><testcase classname="tests.test_predictions.TestTimeline" name="test_timeline_grows_and_filters" time="1.599" /><testcase classname="tests.test_predictions.TestAuthAndIsolation" name="test_cross_org_isolation" time="1.294" /></testsuite></testsuites>